# JRE version: OpenJDK Runtime Environment (8.0_152-b01) (build 1.8.0_152-release-915-b01)
# Java VM: OpenJDK 64-Bit Server VM (25.152-b01 mixed mode linux-amd64 compressed oops)
Heap:
 PSYoungGen      total 253440K, used 3730K [0x00000000e0000000, 0x00000000f7200000, 0x0000000100000000)
  eden space 228352K, 0% used [0x00000000e0000000,0x00000000e0000000,0x00000000edf00000)
  from space 25088K, 14% used [0x00000000edf00000,0x00000000ee2a4910,0x00000000ef780000)
  to   space 25088K, 0% used [0x00000000f5980000,0x00000000f5980000,0x00000000f7200000)
 ParOldGen       total 62464K, used 53984K [0x00000000a0000000, 0x00000000a3d00000, 0x00000000e0000000)
  object space 62464K, 86% used [0x00000000a0000000,0x00000000a34b8038,0x00000000a3d00000)
 Metaspace       used 56905K, capacity 59004K, committed 59028K, reserved 1099776K
  class space    used 7817K, capacity 8434K, committed 8448K, reserved 1048576K
GC Heap History (10 events):
Event: 11.546 GC heap after
Heap after GC invocations=9 (full 1):
 PSYoungGen      total 180224K, used 10836K [0x00000000e0000000, 0x00000000ec100000, 0x0000000100000000)
  eden space 168960K, 0% used [0x00000000e0000000,0x00000000e0000000,0x00000000ea500000)
  from space 11264K, 96% used [0x00000000eb600000,0x00000000ec095010,0x00000000ec100000)
  to   space 13312K, 0% used [0x00000000ea700000,0x00000000ea700000,0x00000000eb400000)
 ParOldGen       total 47104K, used 11046K [0x00000000a0000000, 0x00000000a2e00000, 0x00000000e0000000)
  object space 47104K, 23% used [0x00000000a0000000,0x00000000a0ac9970,0x00000000a2e00000)
 Metaspace       used 34398K, capacity 35170K, committed 35416K, reserved 1079296K
  class space    used 4757K, capacity 5045K, committed 5120K, reserved 1048576K
}
Event: 11.546 GC heap before
{Heap before GC invocations=10 (full 2):
 PSYoungGen      total 180224K, used 10836K [0x00000000e0000000, 0x00000000ec100000, 0x0000000100000000)
  eden space 168960K, 0% used [0x00000000e0000000,0x00000000e0000000,0x00000000ea500000)
  from space 11264K, 96% used [0x00000000eb600000,0x00000000ec095010,0x00000000ec100000)
  to   space 13312K, 0% used [0x00000000ea700000,0x00000000ea700000,0x00000000eb400000)
 ParOldGen       total 47104K, used 11046K [0x00000000a0000000, 0x00000000a2e00000, 0x00000000e0000000)
  object space 47104K, 23% used [0x00000000a0000000,0x00000000a0ac9970,0x00000000a2e00000)
 Metaspace       used 34398K, capacity 35170K, committed 35416K, reserved 1079296K
  class space    used 4757K, capacity 5045K, committed 5120K, reserved 1048576K
Event: 11.631 GC heap after
Heap after GC invocations=10 (full 2):
 PSYoungGen      total 180224K, used 0K [0x00000000e0000000, 0x00000000ec100000, 0x0000000100000000)
  eden space 168960K, 0% used [0x00000000e0000000,0x00000000e0000000,0x00000000ea500000)
  from space 11264K, 0% used [0x00000000eb600000,0x00000000eb600000,0x00000000ec100000)
  to   space 13312K, 0% used [0x00000000ea700000,0x00000000ea700000,0x00000000eb400000)
 ParOldGen       total 62464K, used 17239K [0x00000000a0000000, 0x00000000a3d00000, 0x00000000e0000000)
  object space 62464K, 27% used [0x00000000a0000000,0x00000000a10d5d80,0x00000000a3d00000)
 Metaspace       used 34398K, capacity 35170K, committed 35416K, reserved 1079296K
  class space    used 4757K, capacity 5045K, committed 5120K, reserved 1048576K
}
Event: 15.363 GC heap before
{Heap before GC invocations=11 (full 2):
 PSYoungGen      total 180224K, used 168960K [0x00000000e0000000, 0x00000000ec100000, 0x0000000100000000)
  eden space 168960K, 100% used [0x00000000e0000000,0x00000000ea500000,0x00000000ea500000)
  from space 11264K, 0% used [0x00000000eb600000,0x00000000eb600000,0x00000000ec100000)
  to   space 13312K, 0% used [0x00000000ea700000,0x00000000ea700000,0x00000000eb400000)
 ParOldGen       total 62464K, used 17239K [0x00000000a0000000, 0x00000000a3d00000, 0x00000000e0000000)
  object space 62464K, 27% used [0x00000000a0000000,0x00000000a10d5d80,0x00000000a3d00000)
 Metaspace       used 44633K, capacity 45828K, committed 46080K, reserved 1089536K
  class space    used 5971K, capacity 6372K, committed 6400K, reserved 1048576K
Event: 15.404 GC heap after
Heap after GC invocations=11 (full 2):
 PSYoungGen      total 184320K, used 13308K [0x00000000e0000000, 0x00000000f0900000, 0x0000000100000000)
  eden space 171008K, 0% used [0x00000000e0000000,0x00000000e0000000,0x00000000ea700000)
  from space 13312K, 99% used [0x00000000ea700000,0x00000000eb3ff300,0x00000000eb400000)
  to   space 17920K, 0% used [0x00000000ef780000,0x00000000ef780000,0x00000000f0900000)
 ParOldGen       total 62464K, used 23758K [0x00000000a0000000, 0x00000000a3d00000, 0x00000000e0000000)
  object space 62464K, 38% used [0x00000000a0000000,0x00000000a17339a8,0x00000000a3d00000)
 Metaspace       used 44633K, capacity 45828K, committed 46080K, reserved 1089536K
  class space    used 5971K, capacity 6372K, committed 6400K, reserved 1048576K
}
Event: 19.366 GC heap before
{Heap before GC invocations=12 (full 2):
 PSYoungGen      total 184320K, used 184316K [0x00000000e0000000, 0x00000000f0900000, 0x0000000100000000)
  eden space 171008K, 100% used [0x00000000e0000000,0x00000000ea700000,0x00000000ea700000)
  from space 13312K, 99% used [0x00000000ea700000,0x00000000eb3ff300,0x00000000eb400000)
  to   space 17920K, 0% used [0x00000000ef780000,0x00000000ef780000,0x00000000f0900000)
 ParOldGen       total 62464K, used 23758K [0x00000000a0000000, 0x00000000a3d00000, 0x00000000e0000000)
  object space 62464K, 38% used [0x00000000a0000000,0x00000000a17339a8,0x00000000a3d00000)
 Metaspace       used 55613K, capacity 57656K, committed 57856K, reserved 1099776K
  class space    used 7617K, capacity 8173K, committed 8192K, reserved 1048576K
Event: 19.446 GC heap after
Heap after GC invocations=12 (full 2):
 PSYoungGen      total 246272K, used 17910K [0x00000000e0000000, 0x00000000f1a00000, 0x0000000100000000)
  eden space 228352K, 0% used [0x00000000e0000000,0x00000000e0000000,0x00000000edf00000)
  from space 17920K, 99% used [0x00000000ef780000,0x00000000f08fdbf8,0x00000000f0900000)
  to   space 25088K, 0% used [0x00000000edf00000,0x00000000edf00000,0x00000000ef780000)
 ParOldGen       total 62464K, used 36095K [0x00000000a0000000, 0x00000000a3d00000, 0x00000000e0000000)
  object space 62464K, 57% used [0x00000000a0000000,0x00000000a233ffe0,0x00000000a3d00000)
 Metaspace       used 55613K, capacity 57656K, committed 57856K, reserved 1099776K
  class space    used 7617K, capacity 8173K, committed 8192K, reserved 1048576K
}
Event: 20.262 GC heap before
{Heap before GC invocations=13 (full 2):
 PSYoungGen      total 246272K, used 49805K [0x00000000e0000000, 0x00000000f1a00000, 0x0000000100000000)
  eden space 228352K, 13% used [0x00000000e0000000,0x00000000e1f259c8,0x00000000edf00000)
  from space 17920K, 99% used [0x00000000ef780000,0x00000000f08fdbf8,0x00000000f0900000)
  to   space 25088K, 0% used [0x00000000edf00000,0x00000000edf00000,0x00000000ef780000)
 ParOldGen       total 62464K, used 36095K [0x00000000a0000000, 0x00000000a3d00000, 0x00000000e0000000)
  object space 62464K, 57% used [0x00000000a0000000,0x00000000a233ffe0,0x00000000a3d00000)
 Metaspace       used 56905K, capacity 59004K, committed 59028K, reserved 1099776K
  class space    used 7817K, capacity 8434K, committed 8448K, reserved 1048576K
Event: 20.310 GC heap after
Heap after GC invocations=13 (full 2):
 PSYoungGen      total 253440K, used 3730K [0x00000000e0000000, 0x00000000f7200000, 0x0000000100000000)
  eden space 228352K, 0% used [0x00000000e0000000,0x00000000e0000000,0x00000000edf00000)
  from space 25088K, 14% used [0x00000000edf00000,0x00000000ee2a4910,0x00000000ef780000)
  to   space 25088K, 0% used [0x00000000f5980000,0x00000000f5980000,0x00000000f7200000)
 ParOldGen       total 62464K, used 53984K [0x00000000a0000000, 0x00000000a3d00000, 0x00000000e0000000)
  object space 62464K, 86% used [0x00000000a0000000,0x00000000a34b8038,0x00000000a3d00000)
 Metaspace       used 56905K, capacity 59004K, committed 59028K, reserved 1099776K
  class space    used 7817K, capacity 8434K, committed 8448K, reserved 1048576K
}
Event: 20.310 GC heap before
{Heap before GC invocations=14 (full 3):
 PSYoungGen      total 253440K, used 3730K [0x00000000e0000000, 0x00000000f7200000, 0x0000000100000000)
  eden space 228352K, 0% used [0x00000000e0000000,0x00000000e0000000,0x00000000edf00000)
  from space 25088K, 14% used [0x00000000edf00000,0x00000000ee2a4910,0x00000000ef780000)
  to   space 25088K, 0% used [0x00000000f5980000,0x00000000f5980000,0x00000000f7200000)
 ParOldGen       total 62464K, used 53984K [0x00000000a0000000, 0x00000000a3d00000, 0x00000000e0000000)
  object space 62464K, 86% used [0x00000000a0000000,0x00000000a34b8038,0x00000000a3d00000)
 Metaspace       used 56905K, capacity 59004K, committed 59028K, reserved 1099776K
  class space    used 7817K, capacity 8434K, committed 8448K, reserved 1048576K

